<?xml version="1.0" encoding="UTF-8"?>
<!-- Generated by org.testng.reporters.JUnitReportReporter -->
<testsuite hostname="DESKTOP-KUPCKLH" failures="0" tests="2" name="com.actitime.testscript.ProjectModule" time="0.021" errors="0" timestamp="2023-05-02T18:05:31 IST" skipped="0">
  <testcase classname="com.actitime.testscript.ProjectModule" name="createProject" time="0.017"/>
  <system-out>
    <![CDATA[createProject]]>
  </system-out>
  <testcase classname="com.actitime.testscript.ProjectModule" name="modifyProject" time="0.004"/>
  <system-out>
    <![CDATA[modifyProject]]>
  </system-out>
</testsuite> <!-- com.actitime.testscript.ProjectModule -->
