<?xml version="1.0" encoding="UTF-8"?>
<!-- Generated by org.testng.reporters.JUnitReportReporter -->
<testsuite hostname="DESKTOP-KUPCKLH" failures="0" tests="3" name="com.actitime.testscript.CustomerModule1" time="0.032" errors="0" timestamp="2023-05-11T21:17:49 IST" skipped="0">
  <testcase classname="com.actitime.testscript.CustomerModule1" name="deleteCustomer" time="0.008"/>
  <system-out>
    <![CDATA[deleteCustomer1]]>
  </system-out>
  <testcase classname="com.actitime.testscript.CustomerModule1" name="createCustomer" time="0.019"/>
  <system-out>
    <![CDATA[createCustomer1]]>
  </system-out>
  <testcase classname="com.actitime.testscript.CustomerModule1" name="modifyCustomer" time="0.005"/>
  <system-out>
    <![CDATA[modifyCustomer1]]>
  </system-out>
</testsuite> <!-- com.actitime.testscript.CustomerModule1 -->
