<?xml version="1.0" encoding="UTF-8"?>
<!-- Generated by org.testng.reporters.JUnitReportReporter -->
<testsuite hostname="DESKTOP-KUPCKLH" failures="0" tests="2" name="com.actitime.testscript.TaskModule" time="0.008" errors="0" timestamp="2023-05-02T18:05:31 IST" skipped="0">
  <testcase classname="com.actitime.testscript.TaskModule" name="modifyTask" time="0.003"/>
  <system-out>
    <![CDATA[modifyTask]]>
  </system-out>
  <testcase classname="com.actitime.testscript.TaskModule" name="createTask" time="0.005"/>
  <system-out>
    <![CDATA[createTask]]>
  </system-out>
</testsuite> <!-- com.actitime.testscript.TaskModule -->
